[    4173ms] [WARNING] Setting secure=true because sameSite=None requires secure cookies @ https://assets.alicdn.com/g/lzd_sec/LWSC-G/index.js:0
[    4174ms] [WARNING] A parser-blocking, cross site (i.e. different eTLD+1) script, https://assets.alicdn.com/g/??/AWSC/AWSC/awsc.js,/sd/baxia-entry/baxiaCommon.js, is invoked via document.write. The network request for this script MAY be blocked by the browser in this or a future page load due to poor network connectivity. If blocked in this page load, it will be confirmed in a subsequent console message. See https://www.chromestatus.com/feature/5718547946799104 for more details. @ https://assets.alicdn.com/g/lzd_sec/LWSC-G/index.js:0
[    4174ms] [WARNING] A parser-blocking, cross site (i.e. different eTLD+1) script, https://assets.alicdn.com/g/??/AWSC/AWSC/awsc.js,/sd/baxia-entry/baxiaCommon.js, is invoked via document.write. The network request for this script MAY be blocked by the browser in this or a future page load due to poor network connectivity. If blocked in this page load, it will be confirmed in a subsequent console message. See https://www.chromestatus.com/feature/5718547946799104 for more details. @ https://assets.alicdn.com/g/lzd_sec/LWSC-G/index.js:0
[    4563ms] [LOG] Wed Jun 24 2026 01:52:33 GMT+0300 (Israel Daylight Time) @ https://assets.aliexpress-media.com/g/AWSC/et/1.83.41/et_f.js:1
[    4703ms] [WARNING] 'et' should been 'EXP','CLK','SLD','INPUT','SYS', 'OTHER' @ https://assets.aliexpress-media.com/g/ae-fe/cosmos/0.0.432/pc/gep-sdk.js:0
[    4726ms] [LOG] [poplayer-web-container] init {positionSign: pc_Best_Homepage} @ https://assets.aliexpress-media.com/g/ae-fe/cosmos/0.0.432/pc/pop-layer.js:0
[    4953ms] [LOG] load succ @ https://assets.aliexpress-media.com/g/ae-fe/cosmos/0.0.432/pc/index.js:0
[    4959ms] [LOG] load css succ @ https://assets.aliexpress-media.com/g/ae-fe/cosmos/0.0.432/pc/index.js:0
[    5126ms] [LOG] {"cfg":{},"tid":"c-LxFXjswCH-0PSdIeucEQ=="} @ https://assets.alicdn.com/g/??/AWSC/AWSC/awsc.js,/sd/baxia-entry/baxiaCommon.js:0
[    5374ms] [WARNING] 'et' should been 'EXP','CLK','SLD','INPUT','SYS', 'OTHER' @ https://assets.aliexpress-media.com/g/ae-fe/cosmos/0.0.432/pc/gep-sdk.js:0
[    5374ms] [WARNING] 'et' should been 'EXP','CLK','SLD','INPUT','SYS', 'OTHER' @ https://assets.aliexpress-media.com/g/ae-fe/cosmos/0.0.432/pc/gep-sdk.js:0
[    5374ms] [WARNING] 'et' should been 'EXP','CLK','SLD','INPUT','SYS', 'OTHER' @ https://assets.aliexpress-media.com/g/ae-fe/cosmos/0.0.432/pc/gep-sdk.js:0
[    5375ms] [WARNING] 'et' should been 'EXP','CLK','SLD','INPUT','SYS', 'OTHER' @ https://assets.aliexpress-media.com/g/ae-fe/cosmos/0.0.432/pc/gep-sdk.js:0
[    5375ms] [WARNING] 'et' should been 'EXP','CLK','SLD','INPUT','SYS', 'OTHER' @ https://assets.aliexpress-media.com/g/ae-fe/cosmos/0.0.432/pc/gep-sdk.js:0
[    5375ms] [WARNING] 'et' should been 'EXP','CLK','SLD','INPUT','SYS', 'OTHER' @ https://assets.aliexpress-media.com/g/ae-fe/cosmos/0.0.432/pc/gep-sdk.js:0
[    5376ms] [WARNING] 'et' should been 'EXP','CLK','SLD','INPUT','SYS', 'OTHER' @ https://assets.aliexpress-media.com/g/ae-fe/cosmos/0.0.432/pc/gep-sdk.js:0
[    5376ms] [WARNING] 'et' should been 'EXP','CLK','SLD','INPUT','SYS', 'OTHER' @ https://assets.aliexpress-media.com/g/ae-fe/cosmos/0.0.432/pc/gep-sdk.js:0
[    5376ms] [WARNING] 'et' should been 'EXP','CLK','SLD','INPUT','SYS', 'OTHER' @ https://assets.aliexpress-media.com/g/ae-fe/cosmos/0.0.432/pc/gep-sdk.js:0
[    5801ms] [WARNING] 'et' should been 'EXP','CLK','SLD','INPUT','SYS', 'OTHER' @ https://assets.aliexpress-media.com/g/ae-fe/cosmos/0.0.432/pc/gep-sdk.js:0
[    5996ms] [WARNING] 'et' should been 'EXP','CLK','SLD','INPUT','SYS', 'OTHER' @ https://assets.aliexpress-media.com/g/ae-fe/cosmos/0.0.432/pc/gep-sdk.js:0
[    6017ms] [WARNING] 'et' should been 'EXP','CLK','SLD','INPUT','SYS', 'OTHER' @ https://assets.aliexpress-media.com/g/ae-fe/cosmos/0.0.432/pc/gep-sdk.js:0
[    6018ms] [WARNING] 'et' should been 'EXP','CLK','SLD','INPUT','SYS', 'OTHER' @ https://assets.aliexpress-media.com/g/ae-fe/cosmos/0.0.432/pc/gep-sdk.js:0
[    6089ms] [WARNING] 'et' should been 'EXP','CLK','SLD','INPUT','SYS', 'OTHER' @ https://assets.aliexpress-media.com/g/ae-fe/cosmos/0.0.432/pc/gep-sdk.js:0
[    6160ms] [WARNING] 'et' should been 'EXP','CLK','SLD','INPUT','SYS', 'OTHER' @ https://assets.aliexpress-media.com/g/ae-fe/cosmos/0.0.432/pc/gep-sdk.js:0
[    6163ms] [WARNING] 'et' should been 'EXP','CLK','SLD','INPUT','SYS', 'OTHER' @ https://assets.aliexpress-media.com/g/ae-fe/cosmos/0.0.432/pc/gep-sdk.js:0
[    6179ms] [WARNING] 'et' should been 'EXP','CLK','SLD','INPUT','SYS', 'OTHER' @ https://assets.aliexpress-media.com/g/ae-fe/cosmos/0.0.432/pc/gep-sdk.js:0
[    6180ms] [WARNING] 'et' should been 'EXP','CLK','SLD','INPUT','SYS', 'OTHER' @ https://assets.aliexpress-media.com/g/ae-fe/cosmos/0.0.432/pc/gep-sdk.js:0
[    6186ms] [WARNING] 'et' should been 'EXP','CLK','SLD','INPUT','SYS', 'OTHER' @ https://assets.aliexpress-media.com/g/ae-fe/cosmos/0.0.432/pc/gep-sdk.js:0
[    6187ms] [WARNING] 'et' should been 'EXP','CLK','SLD','INPUT','SYS', 'OTHER' @ https://assets.aliexpress-media.com/g/ae-fe/cosmos/0.0.432/pc/gep-sdk.js:0
[    6189ms] [WARNING] 'et' should been 'EXP','CLK','SLD','INPUT','SYS', 'OTHER' @ https://assets.aliexpress-media.com/g/ae-fe/cosmos/0.0.432/pc/gep-sdk.js:0
[    6190ms] [WARNING] 'et' should been 'EXP','CLK','SLD','INPUT','SYS', 'OTHER' @ https://assets.aliexpress-media.com/g/ae-fe/cosmos/0.0.432/pc/gep-sdk.js:0
[    6388ms] [WARNING] 'et' should been 'EXP','CLK','SLD','INPUT','SYS', 'OTHER' @ https://assets.aliexpress-media.com/g/ae-fe/cosmos/0.0.432/pc/gep-sdk.js:0
[    6390ms] [WARNING] 'et' should been 'EXP','CLK','SLD','INPUT','SYS', 'OTHER' @ https://assets.aliexpress-media.com/g/ae-fe/cosmos/0.0.432/pc/gep-sdk.js:0
[    6462ms] [WARNING] 'et' should been 'EXP','CLK','SLD','INPUT','SYS', 'OTHER' @ https://assets.aliexpress-media.com/g/ae-fe/cosmos/0.0.432/pc/gep-sdk.js:0
[    6471ms] [WARNING] 'et' should been 'EXP','CLK','SLD','INPUT','SYS', 'OTHER' @ https://assets.aliexpress-media.com/g/ae-fe/cosmos/0.0.432/pc/gep-sdk.js:0
[    6836ms] [WARNING] 'et' should been 'EXP','CLK','SLD','INPUT','SYS', 'OTHER' @ https://assets.aliexpress-media.com/g/ae-fe/cosmos/0.0.432/pc/gep-sdk.js:0
[    6837ms] [WARNING] 'et' should been 'EXP','CLK','SLD','INPUT','SYS', 'OTHER' @ https://assets.aliexpress-media.com/g/ae-fe/cosmos/0.0.432/pc/gep-sdk.js:0
[   10900ms] [WARNING] 'et' should been 'EXP','CLK','SLD','INPUT','SYS', 'OTHER' @ https://assets.aliexpress-media.com/g/ae-fe/cosmos/0.0.432/pc/gep-sdk.js:0
[   14725ms] [WARNING] 'et' should been 'EXP','CLK','SLD','INPUT','SYS', 'OTHER' @ https://assets.aliexpress-media.com/g/ae-fe/cosmos/0.0.432/pc/gep-sdk.js:0
